<?xml version="1.0" encoding="UTF-8"?>
<!-- Generated by org.testng.reporters.JUnitReportReporter -->
<testsuite hostname="ShibaShankar" failures="0" tests="1" name="practice.Test1" time="0.024" errors="0" timestamp="2023-07-13T11:51:19 IST" skipped="0">
  <testcase classname="practice.Test1" name="test" time="0.024"/>
  <system-out>
    <![CDATA[Hiii
Hiii
Hiii
Hiii
Shiba
Hiii
Hiii
Shiba
Shiba
Shiba
Shiba
Shiba
Shiba
Shiba
Shiba
Shiba
Shiba
Shiba]]>
  </system-out>
</testsuite> <!-- practice.Test1 -->
